<?xml version="1.0" encoding="UTF-8"?>
<!-- Generated by org.testng.reporters.JUnitXMLReporter -->
<testsuite ignored="0" hostname="Mia" failures="0" tests="3" name="Run on Chrome" time="9.605" errors="0" timestamp="17 thg 12 2023 15:39:31 GMT">
  <testcase classname="com.nopcommerce.user.Level_22_Multiple_Environment_Owner" name="User_01_Register" time="2.581"/>
  <testcase classname="com.nopcommerce.user.Level_22_Multiple_Environment_Owner" name="User_02_Login" time="1.646"/>
  <testcase classname="com.nopcommerce.user.Level_22_Multiple_Environment_Owner" name="User_03_My_Account" time="1.292"/>
</testsuite> <!-- Run on Chrome -->
