<?xml version="1.0" encoding="UTF-8"?>
<testsuite name="Run on Chrome"
           tests="3"
           failures="0"
           errors="0"
           skipped="0"
           time="5,519">
  <properties />
  
  
            <testcase name="User_03_My_Account" time="1,292" classname="com.nopcommerce.user.Level_22_Multiple_Environment_Owner" />
                <testcase name="User_02_Login" time="1,646" classname="com.nopcommerce.user.Level_22_Multiple_Environment_Owner" />
                <testcase name="User_01_Register" time="2,581" classname="com.nopcommerce.user.Level_22_Multiple_Environment_Owner" />
      
</testsuite>
